<?xml version="1.0" encoding="UTF-8"?>
<testng-results skipped="0" failed="0" total="1" passed="1">
  <reporter-output>
  </reporter-output>
  <suite name="Default suite" duration-ms="22" started-at="2021-04-20T14:40:44Z" finished-at="2021-04-20T14:40:44Z">
    <groups>
    </groups>
    <test name="Default test" duration-ms="22" started-at="2021-04-20T14:40:44Z" finished-at="2021-04-20T14:40:44Z">
      <class name="Assertions.HardAssertion">
        <test-method status="PASS" signature="validate_Ecomm_App()[pri:0, instance:Assertions.HardAssertion@6d78f375]" name="validate_Ecomm_App" duration-ms="9" started-at="2021-04-20T20:10:44Z" finished-at="2021-04-20T20:10:44Z">
          <reporter-output>
          </reporter-output>
        </test-method> <!-- validate_Ecomm_App -->
      </class> <!-- Assertions.HardAssertion -->
    </test> <!-- Default test -->
  </suite> <!-- Default suite -->
</testng-results>
